2024-01-27 15:48:11.911 INFO  (main) [] o.e.j.s.Server jetty-10.0.17; built: 2023-10-09T18:22:21.150Z; git: af15f12297adf5c5083e1f2f8f4c5974438bca25; jvm 17.0.9+9
2024-01-27 15:48:12.300 WARN  (main) [] o.e.j.u.DeprecationWarning Using @Deprecated Class org.eclipse.jetty.servlet.listener.ELContextCleaner
2024-01-27 15:48:12.335 INFO  (main) [] o.a.s.s.CoreContainerProvider Using logger factory org.apache.logging.slf4j.Log4jLoggerFactory
2024-01-27 15:48:12.346 INFO  (main) [] o.a.s.s.CoreContainerProvider  ___      _       Welcome to Apache Solr™ version 9.4.0
2024-01-27 15:48:12.346 INFO  (main) [] o.a.s.s.CoreContainerProvider / __| ___| |_ _   Starting in standalone mode on port 8983
2024-01-27 15:48:12.346 INFO  (main) [] o.a.s.s.CoreContainerProvider \__ \/ _ \ | '_|  Install dir: /opt/solr-9.4.0
2024-01-27 15:48:12.347 INFO  (main) [] o.a.s.s.CoreContainerProvider |___/\___/_|_|    Start time: 2024-01-27T15:48:12.347008744Z
2024-01-27 15:48:12.351 INFO  (main) [] o.a.s.s.CoreContainerProvider Solr started with "-XX:+CrashOnOutOfMemoryError" that will crash on any OutOfMemoryError exception. The cause of the OOME will be logged in the crash file at the following path: /var/solr/logs/jvm_crash_12.log
2024-01-27 15:48:12.376 INFO  (main) [] o.a.s.s.CoreContainerProvider Solr Home: /var/solr/data (source: system property: solr.solr.home)
2024-01-27 15:48:12.399 INFO  (main) [] o.a.s.c.SolrXmlConfig solr.xml not found in SOLR_HOME, using built-in default
2024-01-27 15:48:12.399 INFO  (main) [] o.a.s.c.SolrXmlConfig Loading solr.xml from /opt/solr-9.4.0/server/solr/solr.xml
2024-01-27 15:48:12.447 INFO  (main) [] o.a.s.c.SolrResourceLoader Added 1 libs to classloader, from paths: [/opt/solr-9.4.0/lib]
2024-01-27 15:48:13.278 INFO  (main) [] o.a.s.u.t.SimplePropagator Always-on trace id generation enabled.
2024-01-27 15:48:14.012 WARN  (main) [] o.a.s.u.StartupLoggingUtils Jetty request logging enabled. Will retain logs for last 3 days. See chapter "Configuring Logging" in reference guide for how to configure.
2024-01-27 15:48:14.016 WARN  (main) [] o.a.s.c.CoreContainer Not all security plugins configured!  authentication=disabled authorization=disabled.  Solr is only as secure as you make it. Consider configuring authentication/authorization before exposing Solr to users internal or external.  See https://s.apache.org/solrsecurity for more info
2024-01-27 15:48:14.624 INFO  (main) [] o.a.s.c.CorePropertiesLocator Found 1 core definitions underneath /var/solr/data
2024-01-27 15:48:14.625 INFO  (main) [] o.a.s.c.CorePropertiesLocator Cores are: [new_core]
2024-01-27 15:48:14.903 INFO  (coreLoadExecutor-11-thread-1) [ x:new_core] o.a.s.c.SolrConfig Using Lucene MatchVersion: 9.8.0
2024-01-27 15:48:15.117 INFO  (coreLoadExecutor-11-thread-1) [ x:new_core] o.a.s.s.IndexSchema Schema name=default-config
2024-01-27 15:48:15.256 WARN  (coreLoadExecutor-11-thread-1) [ x:new_core] o.a.s.D.s.TrieDateField Solr loaded a deprecated plugin/analysis class [solr.TrieDateField]. Please consult documentation how to replace it accordingly.
2024-01-27 15:48:15.269 WARN  (main) [] o.g.j.m.i.MessagingBinders A class javax.activation.DataSource for a default provider MessageBodyWriter<javax.activation.DataSource> was not found. The provider is not available.
2024-01-27 15:48:15.306 WARN  (coreLoadExecutor-11-thread-1) [ x:new_core] o.a.s.D.s.TrieIntField Solr loaded a deprecated plugin/analysis class [solr.TrieIntField]. Please consult documentation how to replace it accordingly.
2024-01-27 15:48:15.946 INFO  (main) [] o.a.s.j.SolrRequestAuthorizer Creating a new SolrRequestAuthorizer
2024-01-27 15:48:16.238 INFO  (main) [] o.e.j.s.h.ContextHandler Started o.e.j.w.WebAppContext@1df98368{solr-jetty-context.xml,/solr,file:///opt/solr-9.4.0/server/solr-webapp/webapp/,AVAILABLE}{/opt/solr-9.4.0/server/solr-webapp/webapp}
2024-01-27 15:48:16.262 INFO  (main) [] o.e.j.s.RequestLogWriter Opened /var/solr/logs/2024_01_27.request.log
2024-01-27 15:48:16.268 INFO  (main) [] o.e.j.s.AbstractConnector Started ServerConnector@618c5d94{HTTP/1.1, (http/1.1, h2c)}{0.0.0.0:8983}
2024-01-27 15:48:16.269 INFO  (main) [] o.e.j.s.Server Started Server@2c3dec30{STARTING}[10.0.17,sto=0] @6205ms
2024-01-27 15:48:16.967 INFO  (coreLoadExecutor-11-thread-1) [ x:new_core] o.a.s.s.IndexSchema Loaded schema default-config/1.6 with uniqueid field id
2024-01-27 15:48:16.968 INFO  (coreLoadExecutor-11-thread-1) [ x:new_core] o.a.s.c.CoreContainer Creating SolrCore 'new_core' using configuration from instancedir /var/solr/data/gettingstarted, trusted=true
2024-01-27 15:48:17.046 INFO  (coreLoadExecutor-11-thread-1) [ x:new_core] o.a.s.c.SolrCore Opening new SolrCore at [/var/solr/data/gettingstarted], dataDir=[/var/solr/data/gettingstarted/data/]
2024-01-27 15:48:17.841 INFO  (coreLoadExecutor-11-thread-1) [ x:new_core] o.a.s.j.SolrRequestAuthorizer Creating a new SolrRequestAuthorizer
2024-01-27 15:48:17.865 INFO  (coreLoadExecutor-11-thread-1) [ x:new_core] o.a.s.u.UpdateHandler Using UpdateLog implementation: org.apache.solr.update.UpdateLog
2024-01-27 15:48:17.865 INFO  (coreLoadExecutor-11-thread-1) [ x:new_core] o.a.s.u.UpdateLog Initializing UpdateLog: dataDir= defaultSyncLevel=FLUSH numRecordsToKeep=100 maxNumLogsToKeep=10 numVersionBuckets=65536
2024-01-27 15:48:17.982 INFO  (coreLoadExecutor-11-thread-1) [ x:new_core] o.a.s.u.CommitTracker Hard AutoCommit: if uncommitted for 15000ms; 
2024-01-27 15:48:17.982 INFO  (coreLoadExecutor-11-thread-1) [ x:new_core] o.a.s.u.CommitTracker Soft AutoCommit: if uncommitted for 3000ms; 
2024-01-27 15:48:18.631 INFO  (coreLoadExecutor-11-thread-1) [ x:new_core] o.a.s.r.ManagedResourceStorage File-based storage initialized to use dir: /var/solr/data/gettingstarted/conf
2024-01-27 15:48:18.650 INFO  (coreLoadExecutor-11-thread-1) [ x:new_core] o.a.s.s.DirectSolrSpellChecker init: {name=default, field=_text_, classname=solr.DirectSolrSpellChecker, distanceMeasure=internal, accuracy=0.5, maxQueryFrequency=0.01, maxEdits=2, minPrefix=1, maxInspections=5, minQueryLength=4}
2024-01-27 15:48:18.657 INFO  (coreLoadExecutor-11-thread-1) [ x:new_core] o.a.s.h.ReplicationHandler Commits will be reserved for 10000 ms
2024-01-27 15:48:18.675 INFO  (searcherExecutor-13-thread-1-processing-new_core) [ x:new_core] o.a.s.c.QuerySenderListener QuerySenderListener done.
2024-01-27 15:48:18.675 INFO  (searcherExecutor-13-thread-1-processing-new_core) [ x:new_core] o.a.s.h.c.SpellCheckComponent Loading spell index for spellchecker: default
2024-01-27 15:48:18.681 INFO  (searcherExecutor-13-thread-1-processing-new_core) [ x:new_core] o.a.s.c.SolrCore Registered new searcher autowarm time: 0 ms
2024-01-27 15:48:42.786 INFO  (qtp693267461-27) [ x:new_core t:null-1] o.a.s.c.S.Request webapp=/solr path=/select params={mm=5%25&q=Test~&defType=edismax&spellcheck.q=Test&spellcheck.dictionary=default&qf=title+text+tag+author_id&spellcheck=true&pf=title^2+text^1+tag^2+author_id^2&fq=IsActive:"True"&rows=100000000&version=2.2&wt=xml} hits=1 status=0 QTime=87
2024-01-27 15:48:42.865 INFO  (qtp693267461-19) [ x:new_core t:null-2] o.a.s.c.S.Request webapp=/solr path=/select params={q=be9ce548-9436-43b5-87ca-2a909b3720d6&defType=edismax&qf=Id+id&rows=100000000&version=2.2&wt=xml} hits=1 status=0 QTime=1
2024-01-27 15:48:42.872 INFO  (qtp693267461-26) [ x:new_core t:null-3] o.a.s.c.S.Request webapp=/solr path=/select params={q=2&defType=edismax&qf=Id+id&rows=100000000&version=2.2&wt=xml} hits=1 status=0 QTime=1
2024-01-27 15:49:42.650 INFO  (qtp693267461-25) [ x:new_core t:null-4] o.a.s.c.S.Request webapp=/solr path=/select params={mm=5%25&q=Теорія~&defType=edismax&spellcheck.q=Теорія&spellcheck.dictionary=default&qf=title+text+tag+author_id&spellcheck=true&pf=title^2+text^1+tag^2+author_id^2&fq=IsActive:"True"&rows=100000000&version=2.2&wt=xml} hits=2 status=0 QTime=37
2024-01-27 15:49:42.658 INFO  (qtp693267461-26) [ x:new_core t:null-5] o.a.s.c.S.Request webapp=/solr path=/select params={q=be9ce548-9436-43b5-87ca-2a909b3720d6&defType=edismax&qf=Id+id&rows=100000000&version=2.2&wt=xml} hits=1 status=0 QTime=1
2024-01-27 15:49:42.664 INFO  (qtp693267461-25) [ x:new_core t:null-6] o.a.s.c.S.Request webapp=/solr path=/select params={q=1&defType=edismax&qf=Id+id&rows=100000000&version=2.2&wt=xml} hits=1 status=0 QTime=1
2024-01-27 15:49:42.667 INFO  (qtp693267461-26) [ x:new_core t:null-7] o.a.s.c.S.Request webapp=/solr path=/select params={q=be9ce548-9436-43b5-87ca-2a909b3720d6&defType=edismax&qf=Id+id&rows=100000000&version=2.2&wt=xml} hits=1 status=0 QTime=0
2024-01-27 15:49:42.671 INFO  (qtp693267461-25) [ x:new_core t:null-8] o.a.s.c.S.Request webapp=/solr path=/select params={q=2&defType=edismax&qf=Id+id&rows=100000000&version=2.2&wt=xml} hits=1 status=0 QTime=1
2024-01-27 17:31:04.185 INFO  (JettyShutdownThread) [] o.e.j.s.Server Stopped Server@2c3dec30{STOPPING}[10.0.17,sto=0]
2024-01-27 17:31:04.187 INFO  (JettyShutdownThread) [] o.e.j.s.AbstractConnector Stopped ServerConnector@618c5d94{HTTP/1.1, (http/1.1, h2c)}{0.0.0.0:8983}
2024-01-27 17:31:04.198 INFO  (JettyShutdownThread) [] o.a.s.c.CoreContainer Shutting down CoreContainer instance=934617920
2024-01-27 17:31:04.200 INFO  (coreCloseExecutor-19-thread-1) [ x:new_core] o.a.s.c.SolrCore CLOSING SolrCore org.apache.solr.core.SolrCore@34c0c0d0 new_core
2024-01-27 17:31:04.201 INFO  (coreCloseExecutor-19-thread-1) [ x:new_core] o.a.s.m.SolrMetricManager Closing metric reporters for registry=solr.core.new_core tag=SolrCore@34c0c0d0
2024-01-27 17:31:04.220 INFO  (coreCloseExecutor-19-thread-1) [ x:new_core] o.a.s.u.DirectUpdateHandler2 Committing on IndexWriter.close()  ... SKIPPED (unnecessary).
2024-01-27 17:31:04.259 INFO  (JettyShutdownThread) [] o.a.s.m.SolrMetricManager Closing metric reporters for registry=solr.node tag=null
2024-01-27 17:31:04.267 INFO  (JettyShutdownThread) [] o.a.s.m.SolrMetricManager Closing metric reporters for registry=solr.jvm tag=null
2024-01-27 17:31:04.271 INFO  (JettyShutdownThread) [] o.a.s.m.SolrMetricManager Closing metric reporters for registry=solr.jetty tag=null
2024-01-27 17:31:04.278 INFO  (JettyShutdownThread) [] o.e.j.s.h.ContextHandler Stopped o.e.j.w.WebAppContext@1df98368{solr-jetty-context.xml,/solr,null,STOPPED}{/opt/solr-9.4.0/server/solr-webapp/webapp}
