[2023-12-08T14:04:05.878+0000][0.102s] Using G1
[2023-12-08T14:04:05.976+0000][0.200s] Version: 17.0.9+9 (release)
[2023-12-08T14:04:05.976+0000][0.200s] CPUs: 12 total, 12 available
[2023-12-08T14:04:05.977+0000][0.200s] Memory: 7619M
[2023-12-08T14:04:05.977+0000][0.200s] Large Page Support: Disabled
[2023-12-08T14:04:05.977+0000][0.201s] NUMA Support: Disabled
[2023-12-08T14:04:05.977+0000][0.201s] Compressed Oops: Enabled (32-bit)
[2023-12-08T14:04:05.977+0000][0.201s] Heap Region Size: 1M
[2023-12-08T14:04:05.977+0000][0.201s] Heap Min Capacity: 512M
[2023-12-08T14:04:05.978+0000][0.201s] Heap Initial Capacity: 512M
[2023-12-08T14:04:05.978+0000][0.202s] Heap Max Capacity: 512M
[2023-12-08T14:04:05.978+0000][0.202s] Pre-touch: Enabled
[2023-12-08T14:04:05.978+0000][0.202s] Parallel Workers: 10
[2023-12-08T14:04:05.978+0000][0.202s] Concurrent Workers: 3
[2023-12-08T14:04:05.979+0000][0.202s] Concurrent Refinement Workers: 10
[2023-12-08T14:04:05.979+0000][0.202s] Periodic GC: Disabled
[2023-12-08T14:04:06.289+0000][0.513s] CDS archive(s) mapped at: [0x00007f74d3000000-0x00007f74d3a5f000-0x00007f74d3a5f000), size 10874880, SharedBaseAddress: 0x00007f74d3000000, ArchiveRelocationMode: 1.
[2023-12-08T14:04:06.289+0000][0.513s] Compressed class space mapped at: 0x00007f74d4000000-0x00007f7514000000, reserved size: 1073741824
[2023-12-08T14:04:06.290+0000][0.513s] Narrow klass base: 0x00007f74d3000000, Narrow klass shift: 0, Narrow klass range: 0x100000000
[2023-12-08T14:04:07.315+0000][1.539s] GC(0) Pause Young (Normal) (G1 Evacuation Pause)
[2023-12-08T14:04:07.315+0000][1.539s] GC(0) Using 10 workers of 10 for evacuation
[2023-12-08T14:04:07.318+0000][1.541s] GC(0)   Pre Evacuate Collection Set: 0.1ms
[2023-12-08T14:04:07.318+0000][1.542s] GC(0)   Merge Heap Roots: 0.1ms
[2023-12-08T14:04:07.318+0000][1.542s] GC(0)   Evacuate Collection Set: 1.7ms
[2023-12-08T14:04:07.318+0000][1.542s] GC(0)   Post Evacuate Collection Set: 0.6ms
[2023-12-08T14:04:07.319+0000][1.542s] GC(0)   Other: 0.7ms
[2023-12-08T14:04:07.319+0000][1.542s] GC(0) Eden regions: 29->0(58)
[2023-12-08T14:04:07.319+0000][1.542s] GC(0) Survivor regions: 0->4(4)
[2023-12-08T14:04:07.319+0000][1.543s] GC(0) Old regions: 0->1
[2023-12-08T14:04:07.319+0000][1.543s] GC(0) Archive regions: 2->2
[2023-12-08T14:04:07.319+0000][1.543s] GC(0) Humongous regions: 0->0
[2023-12-08T14:04:07.320+0000][1.543s] GC(0) Metaspace: 9856K(10112K)->9856K(10112K) NonClass: 8645K(8768K)->8645K(8768K) Class: 1210K(1344K)->1210K(1344K)
[2023-12-08T14:04:07.320+0000][1.543s] GC(0) Pause Young (Normal) (G1 Evacuation Pause) 29M->5M(512M) 4.858ms
[2023-12-08T14:04:07.320+0000][1.544s] GC(0) User=0.01s Sys=0.00s Real=0.00s
[2023-12-08T14:04:08.655+0000][2.878s] GC(1) Pause Young (Normal) (G1 Evacuation Pause)
[2023-12-08T14:04:08.657+0000][2.881s] GC(1) Using 10 workers of 10 for evacuation
[2023-12-08T14:04:08.685+0000][2.909s] GC(1)   Pre Evacuate Collection Set: 0.5ms
[2023-12-08T14:04:08.685+0000][2.909s] GC(1)   Merge Heap Roots: 0.1ms
[2023-12-08T14:04:08.685+0000][2.909s] GC(1)   Evacuate Collection Set: 18.1ms
[2023-12-08T14:04:08.686+0000][2.909s] GC(1)   Post Evacuate Collection Set: 7.7ms
[2023-12-08T14:04:08.686+0000][2.909s] GC(1)   Other: 4.0ms
[2023-12-08T14:04:08.686+0000][2.910s] GC(1) Eden regions: 55->0(122)
[2023-12-08T14:04:08.686+0000][2.910s] GC(1) Survivor regions: 4->8(8)
[2023-12-08T14:04:08.687+0000][2.910s] GC(1) Old regions: 1->9
[2023-12-08T14:04:08.687+0000][2.910s] GC(1) Archive regions: 2->2
[2023-12-08T14:04:08.687+0000][2.911s] GC(1) Humongous regions: 4->4
[2023-12-08T14:04:08.688+0000][2.911s] GC(1) Metaspace: 17925K(18240K)->17925K(18240K) NonClass: 15711K(15936K)->15711K(15936K) Class: 2214K(2304K)->2214K(2304K)
[2023-12-08T14:04:08.688+0000][2.911s] GC(1) Pause Young (Normal) (G1 Evacuation Pause) 64M->21M(512M) 33.025ms
[2023-12-08T14:04:08.688+0000][2.912s] GC(1) User=0.04s Sys=0.02s Real=0.03s
[2023-12-08T14:04:09.517+0000][3.741s] GC(2) Pause Young (Concurrent Start) (Metadata GC Threshold)
[2023-12-08T14:04:09.517+0000][3.741s] GC(2) Using 10 workers of 10 for evacuation
[2023-12-08T14:04:09.527+0000][3.750s] GC(2)   Pre Evacuate Collection Set: 0.3ms
[2023-12-08T14:04:09.527+0000][3.751s] GC(2)   Merge Heap Roots: 0.1ms
[2023-12-08T14:04:09.528+0000][3.751s] GC(2)   Evacuate Collection Set: 6.5ms
[2023-12-08T14:04:09.528+0000][3.752s] GC(2)   Post Evacuate Collection Set: 1.8ms
[2023-12-08T14:04:09.529+0000][3.753s] GC(2)   Other: 1.0ms
[2023-12-08T14:04:09.529+0000][3.753s] GC(2) Eden regions: 34->0(163)
[2023-12-08T14:04:09.530+0000][3.753s] GC(2) Survivor regions: 8->8(14)
[2023-12-08T14:04:09.530+0000][3.754s] GC(2) Old regions: 9->12
[2023-12-08T14:04:09.530+0000][3.754s] GC(2) Archive regions: 2->2
[2023-12-08T14:04:09.530+0000][3.754s] GC(2) Humongous regions: 5->5
[2023-12-08T14:04:09.531+0000][3.754s] GC(2) Metaspace: 21197K(21504K)->21197K(21504K) NonClass: 18590K(18752K)->18590K(18752K) Class: 2607K(2752K)->2607K(2752K)
[2023-12-08T14:04:09.531+0000][3.755s] GC(2) Pause Young (Concurrent Start) (Metadata GC Threshold) 55M->25M(512M) 14.159ms
[2023-12-08T14:04:09.531+0000][3.755s] GC(2) User=0.03s Sys=0.00s Real=0.01s
[2023-12-08T14:04:09.532+0000][3.755s] GC(3) Concurrent Mark Cycle
[2023-12-08T14:04:09.532+0000][3.756s] GC(3) Concurrent Clear Claimed Marks
[2023-12-08T14:04:09.533+0000][3.757s] GC(3) Concurrent Clear Claimed Marks 1.208ms
[2023-12-08T14:04:09.534+0000][3.757s] GC(3) Concurrent Scan Root Regions
[2023-12-08T14:04:09.539+0000][3.763s] GC(3) Concurrent Scan Root Regions 5.807ms
[2023-12-08T14:04:09.540+0000][3.764s] GC(3) Concurrent Mark
[2023-12-08T14:04:09.540+0000][3.764s] GC(3) Concurrent Mark From Roots
[2023-12-08T14:04:09.541+0000][3.764s] GC(3) Using 3 workers of 3 for marking
[2023-12-08T14:04:09.549+0000][3.772s] GC(3) Concurrent Mark From Roots 8.239ms
[2023-12-08T14:04:09.549+0000][3.773s] GC(3) Concurrent Preclean
[2023-12-08T14:04:09.549+0000][3.773s] GC(3) Concurrent Preclean 0.286ms
[2023-12-08T14:04:09.550+0000][3.774s] GC(3) Pause Remark
[2023-12-08T14:04:09.557+0000][3.781s] GC(3) Pause Remark 26M->26M(512M) 7.359ms
[2023-12-08T14:04:09.558+0000][3.781s] GC(3) User=0.01s Sys=0.00s Real=0.01s
[2023-12-08T14:04:09.558+0000][3.782s] GC(3) Concurrent Mark 18.202ms
[2023-12-08T14:04:09.558+0000][3.782s] GC(3) Concurrent Rebuild Remembered Sets
[2023-12-08T14:04:09.563+0000][3.787s] GC(3) Concurrent Rebuild Remembered Sets 5.020ms
[2023-12-08T14:04:09.564+0000][3.787s] GC(3) Pause Cleanup
[2023-12-08T14:04:09.564+0000][3.788s] GC(3) Pause Cleanup 27M->27M(512M) 0.407ms
[2023-12-08T14:04:09.564+0000][3.788s] GC(3) User=0.00s Sys=0.00s Real=0.00s
[2023-12-08T14:04:09.565+0000][3.788s] GC(3) Concurrent Cleanup for Next Mark
[2023-12-08T14:04:09.567+0000][3.790s] GC(3) Concurrent Cleanup for Next Mark 1.827ms
[2023-12-08T14:04:09.567+0000][3.791s] GC(3) Concurrent Mark Cycle 35.225ms
[2023-12-08T14:04:13.820+0000][8.044s] GC(4) Pause Young (Concurrent Start) (Metadata GC Threshold)
[2023-12-08T14:04:13.821+0000][8.045s] GC(4) Using 10 workers of 10 for evacuation
[2023-12-08T14:04:13.831+0000][8.055s] GC(4)   Pre Evacuate Collection Set: 0.2ms
[2023-12-08T14:04:13.832+0000][8.055s] GC(4)   Merge Heap Roots: 0.1ms
[2023-12-08T14:04:13.832+0000][8.056s] GC(4)   Evacuate Collection Set: 5.8ms
[2023-12-08T14:04:13.832+0000][8.056s] GC(4)   Post Evacuate Collection Set: 3.4ms
[2023-12-08T14:04:13.832+0000][8.056s] GC(4)   Other: 1.5ms
[2023-12-08T14:04:13.833+0000][8.056s] GC(4) Eden regions: 94->0(118)
[2023-12-08T14:04:13.833+0000][8.056s] GC(4) Survivor regions: 8->15(22)
[2023-12-08T14:04:13.833+0000][8.057s] GC(4) Old regions: 12->12
[2023-12-08T14:04:13.833+0000][8.057s] GC(4) Archive regions: 2->2
[2023-12-08T14:04:13.834+0000][8.057s] GC(4) Humongous regions: 5->4
[2023-12-08T14:04:13.835+0000][8.058s] GC(4) Metaspace: 35641K(35968K)->35641K(35968K) NonClass: 31186K(31360K)->31186K(31360K) Class: 4455K(4608K)->4455K(4608K)
[2023-12-08T14:04:13.835+0000][8.059s] GC(4) Pause Young (Concurrent Start) (Metadata GC Threshold) 118M->30M(512M) 14.580ms
[2023-12-08T14:04:13.835+0000][8.059s] GC(4) User=0.05s Sys=0.00s Real=0.02s
[2023-12-08T14:04:13.837+0000][8.060s] GC(5) Concurrent Mark Cycle
[2023-12-08T14:04:13.837+0000][8.061s] GC(5) Concurrent Clear Claimed Marks
[2023-12-08T14:04:13.838+0000][8.061s] GC(5) Concurrent Clear Claimed Marks 0.753ms
[2023-12-08T14:04:13.838+0000][8.062s] GC(5) Concurrent Scan Root Regions
[2023-12-08T14:04:13.843+0000][8.067s] GC(5) Concurrent Scan Root Regions 5.081ms
[2023-12-08T14:04:13.844+0000][8.067s] GC(5) Concurrent Mark
[2023-12-08T14:04:13.844+0000][8.067s] GC(5) Concurrent Mark From Roots
[2023-12-08T14:04:13.844+0000][8.068s] GC(5) Using 3 workers of 3 for marking
[2023-12-08T14:04:13.852+0000][8.076s] GC(5) Concurrent Mark From Roots 8.159ms
[2023-12-08T14:04:13.852+0000][8.076s] GC(5) Concurrent Preclean
[2023-12-08T14:04:13.853+0000][8.076s] GC(5) Concurrent Preclean 0.300ms
[2023-12-08T14:04:13.853+0000][8.077s] GC(5) Pause Remark
[2023-12-08T14:04:13.856+0000][8.079s] GC(5) Pause Remark 31M->31M(512M) 2.755ms
[2023-12-08T14:04:13.856+0000][8.080s] GC(5) User=0.01s Sys=0.01s Real=0.01s
[2023-12-08T14:04:13.856+0000][8.080s] GC(5) Concurrent Mark 12.872ms
[2023-12-08T14:04:13.857+0000][8.080s] GC(5) Concurrent Rebuild Remembered Sets
[2023-12-08T14:04:13.859+0000][8.083s] GC(5) Concurrent Rebuild Remembered Sets 2.684ms
[2023-12-08T14:04:13.860+0000][8.084s] GC(5) Pause Cleanup
[2023-12-08T14:04:13.861+0000][8.084s] GC(5) Pause Cleanup 32M->32M(512M) 0.623ms
[2023-12-08T14:04:13.861+0000][8.085s] GC(5) User=0.00s Sys=0.00s Real=0.00s
[2023-12-08T14:04:13.862+0000][8.086s] GC(5) Concurrent Cleanup for Next Mark
[2023-12-08T14:04:13.865+0000][8.088s] GC(5) Concurrent Cleanup for Next Mark 2.475ms
[2023-12-08T14:04:13.865+0000][8.089s] GC(5) Concurrent Mark Cycle 28.761ms
[2023-12-08T14:04:16.454+0000][10.677s] GC(6) Pause Young (Prepare Mixed) (G1 Evacuation Pause)
[2023-12-08T14:04:16.455+0000][10.678s] GC(6) Using 10 workers of 10 for evacuation
[2023-12-08T14:04:16.463+0000][10.687s] GC(6)   Pre Evacuate Collection Set: 0.2ms
[2023-12-08T14:04:16.464+0000][10.687s] GC(6)   Merge Heap Roots: 0.1ms
[2023-12-08T14:04:16.464+0000][10.687s] GC(6)   Evacuate Collection Set: 6.3ms
[2023-12-08T14:04:16.464+0000][10.688s] GC(6)   Post Evacuate Collection Set: 1.4ms
[2023-12-08T14:04:16.464+0000][10.688s] GC(6)   Other: 1.4ms
[2023-12-08T14:04:16.465+0000][10.688s] GC(6) Eden regions: 122->0(7)
[2023-12-08T14:04:16.465+0000][10.688s] GC(6) Survivor regions: 15->18(18)
[2023-12-08T14:04:16.465+0000][10.689s] GC(6) Old regions: 12->19
[2023-12-08T14:04:16.465+0000][10.689s] GC(6) Archive regions: 2->2
[2023-12-08T14:04:16.465+0000][10.689s] GC(6) Humongous regions: 4->4
[2023-12-08T14:04:16.466+0000][10.689s] GC(6) Metaspace: 48477K(49024K)->48477K(49024K) NonClass: 42277K(42560K)->42277K(42560K) Class: 6200K(6464K)->6200K(6464K)
[2023-12-08T14:04:16.466+0000][10.689s] GC(6) Pause Young (Prepare Mixed) (G1 Evacuation Pause) 152M->41M(512M) 11.996ms
[2023-12-08T14:04:16.466+0000][10.690s] GC(6) User=0.06s Sys=0.01s Real=0.01s
[2023-12-08T14:04:16.568+0000][10.792s] GC(7) Pause Young (Mixed) (G1 Evacuation Pause)
[2023-12-08T14:04:16.569+0000][10.792s] GC(7) Using 10 workers of 10 for evacuation
[2023-12-08T14:04:16.575+0000][10.799s] GC(7)   Pre Evacuate Collection Set: 0.2ms
[2023-12-08T14:04:16.576+0000][10.799s] GC(7)   Merge Heap Roots: 0.1ms
[2023-12-08T14:04:16.576+0000][10.800s] GC(7)   Evacuate Collection Set: 5.3ms
[2023-12-08T14:04:16.576+0000][10.800s] GC(7)   Post Evacuate Collection Set: 0.9ms
[2023-12-08T14:04:16.576+0000][10.800s] GC(7)   Other: 0.7ms
[2023-12-08T14:04:16.577+0000][10.800s] GC(7) Eden regions: 7->0(304)
[2023-12-08T14:04:16.577+0000][10.800s] GC(7) Survivor regions: 18->3(4)
[2023-12-08T14:04:16.577+0000][10.801s] GC(7) Old regions: 19->37
[2023-12-08T14:04:16.577+0000][10.801s] GC(7) Archive regions: 2->2
[2023-12-08T14:04:16.578+0000][10.801s] GC(7) Humongous regions: 4->4
[2023-12-08T14:04:16.578+0000][10.802s] GC(7) Metaspace: 48864K(49344K)->48864K(49344K) NonClass: 42601K(42816K)->42601K(42816K) Class: 6263K(6528K)->6263K(6528K)
[2023-12-08T14:04:16.578+0000][10.802s] GC(7) Pause Young (Mixed) (G1 Evacuation Pause) 48M->44M(512M) 10.035ms
[2023-12-08T14:04:16.578+0000][10.802s] GC(7) User=0.07s Sys=0.00s Real=0.01s
